<?xml version="1.0" encoding="UTF-8"?>
<testng-results skipped="0" failed="0" ignored="0" total="0" passed="0">
  <reporter-output>
  </reporter-output>
  <suite name="testrunner.chrome.TestRunnerSearch" duration-ms="13" started-at="2019-12-05T18:29:11Z" finished-at="2019-12-05T18:29:11Z">
    <groups>
    </groups>
    <test name="Command line test" duration-ms="13" started-at="2019-12-05T18:29:11Z" finished-at="2019-12-05T18:29:11Z">
    </test> <!-- Command line test -->
  </suite> <!-- testrunner.chrome.TestRunnerSearch -->
</testng-results>
