<?xml version="1.0" encoding="UTF-8"?>
<testsuite xmlns:xsi="http://www.w3.org/2001/XMLSchema-instance" xsi:noNamespaceSchemaLocation="https://maven.apache.org/surefire/maven-failsafe-plugin/xsd/failsafe-test-report.xsd" name="Verify Login Features" time="264.496" tests="11" errors="2" skipped="0" failures="1">
  <properties>
[...]
</properties>
  <testcase name="Cursor is focused on User Email field by default" classname="Verify Login Features" time="14.644">
    <failure message="[Error] Cursor is not focused on User Email" type="java.lang.AssertionError">java.lang.AssertionError: [Error] Cursor is not focused on User Email
</failure>
    <system-out><![CDATA[1487 [main] INFO net.thucydides.core.steps.ConsoleLoggingListener - 

-------------------------------------------------------------------------------------
     _______. _______ .______       _______ .__   __.  __  .___________.____    ____ 
    /       ||   ____||   _  \     |   ____||  \ |  | |  | |           |\   \  /   / 
   |   (----`|  |__   |  |_)  |    |  |__   |   \|  | |  | `---|  |----` \   \/   /  
    \   \    |   __|  |      /     |   __|  |  . `  | |  |     |  |       \_    _/   
.----)   |   |  |____ |  |\  \----.|  |____ |  |\   | |  |     |  |         |  |     
|_______/    |_______|| _| `._____||_______||__| \__| |__|     |__|         |__|    
                                                                                     
 News and tutorials at http://www.serenity-bdd.info                                  
 Documentation at https://wakaleo.gitbooks.io/the-serenity-book/content/             
 Join the Serenity Community on Rocket Chat at https://serenity-bdd.rocket.chat      
 Serenity BDD Support and Training at http://serenity-bdd.info/#/trainingandsupport  
 Learn Serenity BDD online at http://serenity-dojo.com                               
-------------------------------------------------------------------------------------

1566 [main] INFO net.thucydides.core.steps.ConsoleLoggingListener - Test Suite Started: Verify Login Features
1737 [pool-1-thread-1] INFO net.thucydides.core.steps.ConsoleLoggingListener - 
 _____ _____ ____ _____   ____ _____  _    ____ _____ _____ ____  
|_   _| ____/ ___|_   _| / ___|_   _|/ \  |  _ \_   _| ____|  _ \ 
  | | |  _| \___ \ | |   \___ \ | | / _ \ | |_) || | |  _| | | | |
  | | | |___ ___) || |    ___) || |/ ___ \|  _ < | | | |___| |_| |
  |_| |_____|____/ |_|   |____/ |_/_/   \_\_| \_\|_| |_____|____/ 
                                                                  

TEST STARTED: Cursor is focused on User Email field by default
-------------------------------------------------------------------(verify-login-features;cursor-is-focused-on-user-email-field-by-default)
16554 [pool-1-thread-1] INFO net.thucydides.core.steps.ConsoleLoggingListener - 
 _____ _____ ____ _____   ____ _____  _    ____ _____ _____ ____  
|_   _| ____/ ___|_   _| / ___|_   _|/ \  |  _ \_   _| ____|  _ \ 
  | | |  _| \___ \ | |   \___ \ | | / _ \ | |_) || | |  _| | | | |
  | | | |___ ___) || |    ___) || |/ ___ \|  _ < | | | |___| |_| |
  |_| |_____|____/ |_|   |____/ |_/_/   \_\_| \_\|_| |_____|____/ 
                                                                  

TEST STARTED: Customer can login successfully with valid User Email and Password
-------------------------------------------------------------------(verify-login-features;customer-can-login-successfully-with-valid-user-email-and-password)
62347 [pool-1-thread-1] INFO net.thucydides.core.steps.ConsoleLoggingListener - 
 _____ _____ ____ _____   ____ _____  _    ____ _____ _____ ____  
|_   _| ____/ ___|_   _| / ___|_   _|/ \  |  _ \_   _| ____|  _ \ 
  | | |  _| \___ \ | |   \___ \ | | / _ \ | |_) || | |  _| | | | |
  | | | |___ ___) || |    ___) || |/ ___ \|  _ < | | | |___| |_| |
  |_| |_____|____/ |_|   |____/ |_/_/   \_\_| \_\|_| |_____|____/ 
                                                                  

TEST STARTED: Customer can't login with incorrect User Email or non-Existed User Email
-------------------------------------------------------------------(verify-login-features;customer-can-t-login-with-incorrect-user-email-or-non-existed-user-email)

&amp#27;[31mFailed scenarios:&amp#27;[0m
&amp#27;[31mfeatures/Login.feature:9 &amp#27;[0m# Cursor is focused on User Email field by default
&amp#27;[31mfeatures/Login.feature:13 &amp#27;[0m# Customer can login successfully with valid User Email and Password
&amp#27;[31mfeatures/Login.feature:33 &amp#27;[0m# Customer can't login with incorrect User Email or non-Existed User Email

11 Scenarios (&amp#27;[31m3 failed&amp#27;[0m, &amp#27;[32m8 passed&amp#27;[0m)
63 Steps (&amp#27;[31m3 failed&amp#27;[0m, &amp#27;[36m6 skipped&amp#27;[0m, &amp#27;[32m54 passed&amp#27;[0m)
4m25.184s

java.lang.AssertionError: [Error] Cursor is not focused on User Email
	at org.junit.Assert.fail(Assert.java:88)
	at org.junit.Assert.assertTrue(Assert.java:41)
	at stepdefs.LoginStepDefs.iVerifyCurrentCusor(LoginStepDefs.java:39)
	at ✽.I verify cursor is focused on User Email field(features/Login.feature:10)

net.thucydides.core.webdriver.exceptions.ElementShouldBePresentException: Expected condition failed: waiting for LoginPage.txtPwd to be present (tried for 5 second(s) with 100 milliseconds interval)
Build info: version: '3.141.59', revision: 'e82be7d358', time: '2018-11-14T08:17:03'
System info: host: 'Macs-MacBook-Air.local', ip: 'fe80:0:0:0:88b:c5e7:28bd:8ff4%en0', os.name: 'Mac OS X', os.arch: 'x86_64', os.version: '10.14.6', java.version: '1.8.0_232'
Driver info: driver.version: unknown
	at net.serenitybdd.core.pages.WebElementFacadeImpl.throwShouldBePresentErrorWithCauseIfPresent(WebElementFacadeImpl.java:1057)
	at net.serenitybdd.core.pages.WebElementFacadeImpl.waitUntilPresent(WebElementFacadeImpl.java:1030)
	at sun.reflect.NativeMethodAccessorImpl.invoke0(Native Method)
	at sun.reflect.NativeMethodAccessorImpl.invoke(NativeMethodAccessorImpl.java:62)
	at sun.reflect.DelegatingMethodAccessorImpl.invoke(DelegatingMethodAccessorImpl.java:43)
	at java.lang.reflect.Method.invoke(Method.java:498)
	at net.thucydides.core.annotations.locators.AbstractSingleItemHandler.invoke(AbstractSingleItemHandler.java:45)
	at com.sun.proxy.$Proxy25.waitUntilPresent(Unknown Source)
	at util.ElementUtils.waitElementPresent(ElementUtils.java:116)
	at pages.LoginPage.fillPwd(LoginPage.java:47)
	at pages.LoginPage$$EnhancerByCGLIB$$53a656fe.CGLIB$fillPwd$6(<generated>)
	at pages.LoginPage$$EnhancerByCGLIB$$53a656fe$$FastClassByCGLIB$$41608deb.invoke(<generated>)
	at net.sf.cglib.proxy.MethodProxy.invokeSuper(MethodProxy.java:228)
	at net.thucydides.core.steps.BaseMethodRunner.invokeMethod(BaseMethodRunner.java:10)
	at net.thucydides.core.steps.NormalMethodRunner.invokeMethodAndNotifyFailures(NormalMethodRunner.java:20)
	at net.thucydides.core.steps.StepInterceptor.runNormalMethod(StepInterceptor.java:373)
	at net.thucydides.core.steps.StepInterceptor.testStepResult(StepInterceptor.java:158)
	at net.thucydides.core.steps.StepInterceptor.intercept(StepInterceptor.java:69)
	at pages.LoginPage$$EnhancerByCGLIB$$53a656fe.fillPwd(<generated>)
	at stepdefs.LoginStepDefs.iEnterUserPwd(LoginStepDefs.java:57)
	at ✽.I enter User Password = "$validPassword"(features/Login.feature:16)
Caused by: org.openqa.selenium.TimeoutException: Expected condition failed: waiting for LoginPage.txtPwd to be present (tried for 5 second(s) with 100 milliseconds interval)
Build info: version: '3.141.59', revision: 'e82be7d358', time: '2018-11-14T08:17:03'
System info: host: 'Macs-MacBook-Air.local', ip: 'fe80:0:0:0:88b:c5e7:28bd:8ff4%en0', os.name: 'Mac OS X', os.arch: 'x86_64', os.version: '10.14.6', java.version: '1.8.0_232'
Driver info: driver.version: unknown
	at org.openqa.selenium.support.ui.FluentWait.timeoutException(FluentWait.java:304)
	at org.openqa.selenium.support.ui.FluentWait.until(FluentWait.java:272)
	at net.serenitybdd.core.pages.WebElementFacadeImpl.waitUntilPresent(WebElementFacadeImpl.java:1027)
	at sun.reflect.NativeMethodAccessorImpl.invoke0(Native Method)
	at sun.reflect.NativeMethodAccessorImpl.invoke(NativeMethodAccessorImpl.java:62)
	at sun.reflect.DelegatingMethodAccessorImpl.invoke(DelegatingMethodAccessorImpl.java:43)
	at java.lang.reflect.Method.invoke(Method.java:498)
	at net.thucydides.core.annotations.locators.AbstractSingleItemHandler.invoke(AbstractSingleItemHandler.java:45)
	at com.sun.proxy.$Proxy25.waitUntilPresent(Unknown Source)
	at util.ElementUtils.waitElementPresent(ElementUtils.java:116)
	at pages.LoginPage.fillPwd(LoginPage.java:47)
	at pages.LoginPage$$EnhancerByCGLIB$$53a656fe.CGLIB$fillPwd$6(<generated>)
	at pages.LoginPage$$EnhancerByCGLIB$$53a656fe$$FastClassByCGLIB$$41608deb.invoke(<generated>)
	at net.sf.cglib.proxy.MethodProxy.invokeSuper(MethodProxy.java:228)
	at net.thucydides.core.steps.BaseMethodRunner.invokeMethod(BaseMethodRunner.java:10)
	at net.thucydides.core.steps.NormalMethodRunner.invokeMethodAndNotifyFailures(NormalMethodRunner.java:20)
	at net.thucydides.core.steps.StepInterceptor.runNormalMethod(StepInterceptor.java:373)
	at net.thucydides.core.steps.StepInterceptor.testStepResult(StepInterceptor.java:158)
	at net.thucydides.core.steps.StepInterceptor.intercept(StepInterceptor.java:69)
	at pages.LoginPage$$EnhancerByCGLIB$$53a656fe.fillPwd(<generated>)
	at stepdefs.LoginStepDefs.iEnterUserPwd(LoginStepDefs.java:57)
	at sun.reflect.NativeMethodAccessorImpl.invoke0(Native Method)
	at sun.reflect.NativeMethodAccessorImpl.invoke(NativeMethodAccessorImpl.java:62)
	at sun.reflect.DelegatingMethodAccessorImpl.invoke(DelegatingMethodAccessorImpl.java:43)
	at java.lang.reflect.Method.invoke(Method.java:498)
	at cucumber.runtime.Utils$1.call(Utils.java:31)
	at cucumber.runtime.Timeout.timeout(Timeout.java:16)
	at cucumber.runtime.Utils.invoke(Utils.java:25)
	at cucumber.runtime.java.JavaStepDefinition.execute(JavaStepDefinition.java:37)
	at cucumber.runtime.StepDefinitionMatch.runStep(StepDefinitionMatch.java:40)
	at cucumber.api.TestStep.executeStep(TestStep.java:102)
	at cucumber.api.TestStep.run(TestStep.java:83)
	at cucumber.api.TestCase.run(TestCase.java:58)
	at cucumber.runner.Runner.runPickle(Runner.java:80)
	at cucumber.runtime.junit.PickleRunners$NoStepDescriptions.run(PickleRunners.java:140)
	at cucumber.runtime.junit.FeatureRunner.runChild(FeatureRunner.java:68)
	at cucumber.runtime.junit.FeatureRunner.runChild(FeatureRunner.java:23)
	at org.junit.runners.ParentRunner$3.run(ParentRunner.java:290)
	at org.junit.runners.ParentRunner$1.schedule(ParentRunner.java:71)
	at org.junit.runners.ParentRunner.runChildren(ParentRunner.java:288)
	at org.junit.runners.ParentRunner.access$000(ParentRunner.java:58)
	at org.junit.runners.ParentRunner$2.evaluate(ParentRunner.java:268)
	at org.junit.runners.ParentRunner.run(ParentRunner.java:363)
	at cucumber.runtime.junit.FeatureRunner.run(FeatureRunner.java:73)
	at cucumber.api.junit.Cucumber.runChild(Cucumber.java:118)
	at cucumber.api.junit.Cucumber.runChild(Cucumber.java:56)
	at org.junit.runners.ParentRunner$3.run(ParentRunner.java:290)
	at org.apache.maven.surefire.junitcore.pc.Scheduler$1.run(Scheduler.java:410)
	at org.apache.maven.surefire.junitcore.pc.InvokerStrategy.schedule(InvokerStrategy.java:54)
	at org.apache.maven.surefire.junitcore.pc.Scheduler.schedule(Scheduler.java:367)
	at org.junit.runners.ParentRunner.runChildren(ParentRunner.java:288)
	at org.junit.runners.ParentRunner.access$000(ParentRunner.java:58)
	at org.junit.runners.ParentRunner$2.evaluate(ParentRunner.java:268)
	at cucumber.api.junit.Cucumber$1.evaluate(Cucumber.java:127)
	at org.junit.runners.ParentRunner.run(ParentRunner.java:363)
	at org.junit.runners.Suite.runChild(Suite.java:128)
	at org.junit.runners.Suite.runChild(Suite.java:27)
	at org.junit.runners.ParentRunner$3.run(ParentRunner.java:290)
	at org.apache.maven.surefire.junitcore.pc.Scheduler$1.run(Scheduler.java:410)
	at java.util.concurrent.Executors$RunnableAdapter.call(Executors.java:511)
	at java.util.concurrent.FutureTask.run(FutureTask.java:266)
	at java.util.concurrent.ThreadPoolExecutor.runWorker(ThreadPoolExecutor.java:1149)
	at java.util.concurrent.ThreadPoolExecutor$Worker.run(ThreadPoolExecutor.java:624)
	at java.lang.Thread.run(Thread.java:748)

org.openqa.selenium.NoSuchWindowException: no such window: window was already closed
  (Session info: chrome=78.0.3904.108)
Build info: version: '3.141.59', revision: 'e82be7d358', time: '2018-11-14T08:17:03'
System info: host: 'Macs-MacBook-Air.local', ip: 'fe80:0:0:0:88b:c5e7:28bd:8ff4%en0', os.name: 'Mac OS X', os.arch: 'x86_64', os.version: '10.14.6', java.version: '1.8.0_232'
Driver info: org.openqa.selenium.chrome.ChromeDriver
Capabilities {acceptInsecureCerts: false, browserName: chrome, browserVersion: 78.0.3904.108, chrome: {chromedriverVersion: 78.0.3904.105 (60e2d8774a81..., userDataDir: /var/folders/09/z7qm438d67l...}, goog:chromeOptions: {debuggerAddress: localhost:60602}, javascriptEnabled: true, networkConnectionEnabled: false, pageLoadStrategy: normal, platform: MAC, platformName: MAC, proxy: Proxy(), setWindowRect: true, strictFileInteractability: false, timeouts: {implicit: 0, pageLoad: 300000, script: 30000}, unhandledPromptBehavior: dismiss and notify}
Session ID: dac562cc9d6ddeb6cb9ebce1df7d9924
	at sun.reflect.NativeConstructorAccessorImpl.newInstance0(Native Method)
	at sun.reflect.NativeConstructorAccessorImpl.newInstance(NativeConstructorAccessorImpl.java:62)
	at sun.reflect.DelegatingConstructorAccessorImpl.newInstance(DelegatingConstructorAccessorImpl.java:45)
	at java.lang.reflect.Constructor.newInstance(Constructor.java:423)
	at org.openqa.selenium.remote.http.W3CHttpResponseCodec.createException(W3CHttpResponseCodec.java:187)
	at org.openqa.selenium.remote.http.W3CHttpResponseCodec.decode(W3CHttpResponseCodec.java:122)
	at org.openqa.selenium.remote.http.W3CHttpResponseCodec.decode(W3CHttpResponseCodec.java:49)
	at org.openqa.selenium.remote.HttpCommandExecutor.execute(HttpCommandExecutor.java:158)
	at org.openqa.selenium.remote.service.DriverCommandExecutor.execute(DriverCommandExecutor.java:83)
	at org.openqa.selenium.remote.RemoteWebDriver.execute(RemoteWebDriver.java:552)
	at org.openqa.selenium.remote.RemoteWebDriver.execute(RemoteWebDriver.java:609)
	at org.openqa.selenium.remote.RemoteWebDriver.getTitle(RemoteWebDriver.java:281)
	at util.ElementUtils.waitPageLoad(ElementUtils.java:97)
	at pages.LoginPage.openLoginPage(LoginPage.java:35)
	at pages.LoginPage$$EnhancerByCGLIB$$53a656fe.CGLIB$openLoginPage$3(<generated>)
	at pages.LoginPage$$EnhancerByCGLIB$$53a656fe$$FastClassByCGLIB$$41608deb.invoke(<generated>)
	at net.sf.cglib.proxy.MethodProxy.invokeSuper(MethodProxy.java:228)
	at net.thucydides.core.steps.BaseMethodRunner.invokeMethod(BaseMethodRunner.java:10)
	at net.thucydides.core.steps.NormalMethodRunner.invokeMethodAndNotifyFailures(NormalMethodRunner.java:20)
	at net.thucydides.core.steps.StepInterceptor.runNormalMethod(StepInterceptor.java:373)
	at net.thucydides.core.steps.StepInterceptor.testStepResult(StepInterceptor.java:158)
	at net.thucydides.core.steps.StepInterceptor.intercept(StepInterceptor.java:69)
	at pages.LoginPage$$EnhancerByCGLIB$$53a656fe.openLoginPage(<generated>)
	at stepdefs.LoginStepDefs.iOpenLoginPage(LoginStepDefs.java:24)
	at ✽.I open Login Page(features/Login.feature:5)

2019-12-09T12:49:23.821 ----------------------------------Start of Scenario-----------------------------------
2019-12-09T12:49:23.826 [INFO] Get property chromeDriverVersion = 78.0.3904.105
2019-12-09T12:49:27.005 [INFO] Chrome Browser & Driver has been initialized successfully
2019-12-09T12:49:27.701 [INFO] Get property loginURL = https://stage.anibis.ch/fr/login.aspx
2019-12-09T12:49:35.602 [INFO] Get property loginTitle = Petites annonces gratuites en Suisse | anibis.ch
2019-12-09T12:49:35.606 [INFO] Get property maxTries = 5
2019-12-09T12:49:35.606 [INFO] Get property sleep1 = 1000
2019-12-09T12:49:35.607 [INFO] Get property sleep2 = 2000
2019-12-09T12:49:35.607 [INFO] Get property sleep3 = 3000
2019-12-09T12:49:37.624 [INFO] Page loaded successfully with title = Petites annonces gratuites en Suisse | anibis.ch after 1 times
2019-12-09T12:49:37.643 [INFO] Get property loginTitle = Petites annonces gratuites en Suisse | anibis.ch
2019-12-09T12:49:37.727 Please refer to below link for Serenity Report: /Users/macair/IdeaProjects/anibis_exercise/target/site/serenity/index.html
2019-12-09T12:49:37.727 ----------------------------------End of Scenario-----------------------------------
]]></system-out>
    <system-err><![CDATA[2471 [pool-1-thread-1] INFO io.github.bonigarcia.wdm.WebDriverManager - Exporting webdriver.chrome.driver as /Users/macair/.m2/repository/webdriver/chromedriver/mac64/78.0.3904.105/chromedriver
Starting ChromeDriver 78.0.3904.105 (60e2d8774a8151efa6a00b1f358371b1e0e07ee2-refs/branch-heads/3904@{#877}) on port 32178
Only local connections are allowed.
Please protect ports used by ChromeDriver and related test frameworks to prevent access by malicious code.
Dec 09, 2019 12:49:26 PM org.openqa.selenium.remote.ProtocolHandshake createSession
INFO: Detected dialect: W3C
16055 [pool-1-thread-1] ERROR net.thucydides.core.steps.ConsoleLoggingListener - 
           __  _____ _____ ____ _____   _____ _    ___ _     _____ ____  
  _       / / |_   _| ____/ ___|_   _| |  ___/ \  |_ _| |   | ____|  _ \ 
 (_)_____| |    | | |  _| \___ \ | |   | |_ / _ \  | || |   |  _| | | | |
  _|_____| |    | | | |___ ___) || |   |  _/ ___ \ | || |___| |___| |_| |
 (_)     | |    |_| |_____|____/ |_|   |_|/_/   \_\___|_____|_____|____/ 
          \_\                                                            

TEST FAILED: Cursor is focused on User Email field by default
--------------------------------------------------------------------------
16514 [pool-1-thread-1] ERROR net.thucydides.core.steps.ConsoleLoggingListener - TEST FAILED AT STEP Then I verify cursor is focused on User Email field
16515 [pool-1-thread-1] ERROR net.thucydides.core.steps.ConsoleLoggingListener - [Error] Cursor is not focused on User Email
]]></system-err>
  </testcase>
  <testcase name="Customer can login successfully with valid User Email and Password" classname="Verify Login Features" time="45.709">
    <error message="Expected condition failed: waiting for LoginPage.txtPwd to be present (tried for 5 second(s) with 100 milliseconds interval)&#10;Build info: version: &apos;3.141.59&apos;, revision: &apos;e82be7d358&apos;, time: &apos;2018-11-14T08:17:03&apos;&#10;System info: host: &apos;Macs-MacBook-Air.local&apos;, ip: &apos;fe80:0:0:0:88b:c5e7:28bd:8ff4%en0&apos;, os.name: &apos;Mac OS X&apos;, os.arch: &apos;x86_64&apos;, os.version: &apos;10.14.6&apos;, java.version: &apos;1.8.0_232&apos;&#10;Driver info: driver.version: unknown" type="net.thucydides.core.webdriver.exceptions.ElementShouldBePresentException">net.thucydides.core.webdriver.exceptions.ElementShouldBePresentException: 
Expected condition failed: waiting for LoginPage.txtPwd to be present (tried for 5 second(s) with 100 milliseconds interval)
Build info: version: '3.141.59', revision: 'e82be7d358', time: '2018-11-14T08:17:03'
System info: host: 'Macs-MacBook-Air.local', ip: 'fe80:0:0:0:88b:c5e7:28bd:8ff4%en0', os.name: 'Mac OS X', os.arch: 'x86_64', os.version: '10.14.6', java.version: '1.8.0_232'
Driver info: driver.version: unknown
Caused by: org.openqa.selenium.TimeoutException: 
Expected condition failed: waiting for LoginPage.txtPwd to be present (tried for 5 second(s) with 100 milliseconds interval)
Build info: version: '3.141.59', revision: 'e82be7d358', time: '2018-11-14T08:17:03'
System info: host: 'Macs-MacBook-Air.local', ip: 'fe80:0:0:0:88b:c5e7:28bd:8ff4%en0', os.name: 'Mac OS X', os.arch: 'x86_64', os.version: '10.14.6', java.version: '1.8.0_232'
Driver info: driver.version: unknown
</error>
    <system-out><![CDATA[2019-12-09T12:49:38.512 ----------------------------------Start of Scenario-----------------------------------
2019-12-09T12:49:38.519 [INFO] Get property chromeDriverVersion = 78.0.3904.105
2019-12-09T12:49:41.078 [INFO] Chrome Browser & Driver has been initialized successfully
2019-12-09T12:49:41.095 [INFO] Get property loginURL = https://stage.anibis.ch/fr/login.aspx
2019-12-09T12:49:50.419 [INFO] Get property loginTitle = Petites annonces gratuites en Suisse | anibis.ch
2019-12-09T12:49:52.436 [INFO] Page loaded successfully with title = Petites annonces gratuites en Suisse | anibis.ch after 1 times
2019-12-09T12:49:52.450 [INFO] Get property loginTitle = Petites annonces gratuites en Suisse | anibis.ch
2019-12-09T12:49:52.454 [INFO] Get property validUsrEmail = buyer.nvg01@gmail.com
2019-12-09T12:49:54.148 [INFO] Fill out LoginPage.txtUsrEmail = buyer.nvg01@gmail.com successfully after = 1 times
2019-12-09T12:50:10.682 [INFO] Get property validPwd = nvg07072012
2019-12-09T12:50:23.398 Please refer to below link for Serenity Report: /Users/macair/IdeaProjects/anibis_exercise/target/site/serenity/index.html
2019-12-09T12:50:23.398 ----------------------------------End of Scenario-----------------------------------
]]></system-out>
    <system-err><![CDATA[16694 [pool-1-thread-1] INFO io.github.bonigarcia.wdm.WebDriverManager - Exporting webdriver.chrome.driver as /Users/macair/.m2/repository/webdriver/chromedriver/mac64/78.0.3904.105/chromedriver
Starting ChromeDriver 78.0.3904.105 (60e2d8774a8151efa6a00b1f358371b1e0e07ee2-refs/branch-heads/3904@{#877}) on port 36842
Only local connections are allowed.
Please protect ports used by ChromeDriver and related test frameworks to prevent access by malicious code.
Dec 09, 2019 12:49:40 PM org.openqa.selenium.remote.ProtocolHandshake createSession
INFO: Detected dialect: W3C
62328 [pool-1-thread-1] ERROR net.thucydides.core.steps.ConsoleLoggingListener - 
           __  _____ _____ ____ _____   _____ _    ___ _     _____ ____  
  _       / / |_   _| ____/ ___|_   _| |  ___/ \  |_ _| |   | ____|  _ \ 
 (_)_____| |    | | |  _| \___ \ | |   | |_ / _ \  | || |   |  _| | | | |
  _|_____| |    | | | |___ ___) || |   |  _/ ___ \ | || |___| |___| |_| |
 (_)     | |    |_| |_____|____/ |_|   |_|/_/   \_\___|_____|_____|____/ 
          \_\                                                            

TEST FAILED: Customer can login successfully with valid User Email and Password
--------------------------------------------------------------------------
62329 [pool-1-thread-1] ERROR net.thucydides.core.steps.ConsoleLoggingListener - TEST FAILED AT STEP Fill pwd: nvg07072012
62329 [pool-1-thread-1] ERROR net.thucydides.core.steps.ConsoleLoggingListener - Expected condition failed: waiting for LoginPage.txtPwd to be present (tried for 5 second(s) with 100 milliseconds interval)Build info: version: '3.141.59', revision: 'e82be7d358', time: '2018-11-14T08:17:03'System info: host: 'Macs-MacBook-Air.local', ip: 'fe80:0:0:0:88b:c5e7:28bd:8ff4%en0', os.name: 'Mac OS X', os.arch: 'x86_64', os.version: '10.14.6', java.version: '1.8.0_232'Driver info: driver.version: unknownBuild info: version: '3.141.59', revision: 'e82be7d358', time: '2018-11-14T08:17:03'System info: host: 'Macs-MacBook-Air.local', ip: 'fe80:0:0:0:88b:c5e7:28bd:8ff4%en0', os.name: 'Mac OS X', os.arch: 'x86_64', os.version: '10.14.6', java.version: '1.8.0_232'Driver info: driver.version: unknown
]]></system-err>
  </testcase>
  <testcase name="Customer can&apos;t login with incorrect User Email or non-Existed User Email" classname="Verify Login Features" time="35.361"/>
  <testcase name="Customer can&apos;t login with incorrect User Email or non-Existed User Email" classname="Verify Login Features" time="23.908"/>
  <testcase name="Customer can&apos;t login with incorrect User Email or non-Existed User Email" classname="Verify Login Features" time="40.016"/>
  <testcase name="Customer can&apos;t login with incorrect User Email or non-Existed User Email" classname="Verify Login Features" time="19.762"/>
  <testcase name="Customer can&apos;t login with incorrect User Email or non-Existed User Email" classname="Verify Login Features" time="18.558"/>
  <testcase name="Customer can&apos;t login with incorrect User Email or non-Existed User Email" classname="Verify Login Features" time="20.544"/>
  <testcase name="Customer can&apos;t login with incorrect User Email or non-Existed User Email" classname="Verify Login Features" time="10.311">
    <error message="no such window: window was already closed&#10;  (Session info: chrome=78.0.3904.108)&#10;Build info: version: &apos;3.141.59&apos;, revision: &apos;e82be7d358&apos;, time: &apos;2018-11-14T08:17:03&apos;&#10;System info: host: &apos;Macs-MacBook-Air.local&apos;, ip: &apos;fe80:0:0:0:88b:c5e7:28bd:8ff4%en0&apos;, os.name: &apos;Mac OS X&apos;, os.arch: &apos;x86_64&apos;, os.version: &apos;10.14.6&apos;, java.version: &apos;1.8.0_232&apos;&#10;Driver info: org.openqa.selenium.chrome.ChromeDriver&#10;Capabilities {acceptInsecureCerts: false, browserName: chrome, browserVersion: 78.0.3904.108, chrome: {chromedriverVersion: 78.0.3904.105 (60e2d8774a81..., userDataDir: /var/folders/09/z7qm438d67l...}, goog:chromeOptions: {debuggerAddress: localhost:60602}, javascriptEnabled: true, networkConnectionEnabled: false, pageLoadStrategy: normal, platform: MAC, platformName: MAC, proxy: Proxy(), setWindowRect: true, strictFileInteractability: false, timeouts: {implicit: 0, pageLoad: 300000, script: 30000}, unhandledPromptBehavior: dismiss and notify}&#10;Session ID: dac562cc9d6ddeb6cb9ebce1df7d9924" type="org.openqa.selenium.NoSuchWindowException">org.openqa.selenium.NoSuchWindowException: 
no such window: window was already closed
  (Session info: chrome=78.0.3904.108)
Build info: version: '3.141.59', revision: 'e82be7d358', time: '2018-11-14T08:17:03'
System info: host: 'Macs-MacBook-Air.local', ip: 'fe80:0:0:0:88b:c5e7:28bd:8ff4%en0', os.name: 'Mac OS X', os.arch: 'x86_64', os.version: '10.14.6', java.version: '1.8.0_232'
Driver info: org.openqa.selenium.chrome.ChromeDriver
Capabilities {acceptInsecureCerts: false, browserName: chrome, browserVersion: 78.0.3904.108, chrome: {chromedriverVersion: 78.0.3904.105 (60e2d8774a81..., userDataDir: /var/folders/09/z7qm438d67l...}, goog:chromeOptions: {debuggerAddress: localhost:60602}, javascriptEnabled: true, networkConnectionEnabled: false, pageLoadStrategy: normal, platform: MAC, platformName: MAC, proxy: Proxy(), setWindowRect: true, strictFileInteractability: false, timeouts: {implicit: 0, pageLoad: 300000, script: 30000}, unhandledPromptBehavior: dismiss and notify}
Session ID: dac562cc9d6ddeb6cb9ebce1df7d9924
</error>
    <system-out><![CDATA[2019-12-09T12:53:02.449 ----------------------------------Start of Scenario-----------------------------------
2019-12-09T12:53:02.450 [INFO] Get property chromeDriverVersion = 78.0.3904.105
2019-12-09T12:53:04.699 [INFO] Chrome Browser & Driver has been initialized successfully
2019-12-09T12:53:04.710 [INFO] Get property loginURL = https://stage.anibis.ch/fr/login.aspx
2019-12-09T12:53:12.459 [INFO] Get property loginTitle = Petites annonces gratuites en Suisse | anibis.ch
2019-12-09T12:53:12.542 Please refer to below link for Serenity Report: /Users/macair/IdeaProjects/anibis_exercise/target/site/serenity/index.html
2019-12-09T12:53:12.542 ----------------------------------End of Scenario-----------------------------------
]]></system-out>
    <system-err><![CDATA[220583 [pool-1-thread-1] INFO io.github.bonigarcia.wdm.WebDriverManager - Exporting webdriver.chrome.driver as /Users/macair/.m2/repository/webdriver/chromedriver/mac64/78.0.3904.105/chromedriver
Starting ChromeDriver 78.0.3904.105 (60e2d8774a8151efa6a00b1f358371b1e0e07ee2-refs/branch-heads/3904@{#877}) on port 21005
Only local connections are allowed.
Please protect ports used by ChromeDriver and related test frameworks to prevent access by malicious code.
Dec 09, 2019 12:53:04 PM org.openqa.selenium.remote.ProtocolHandshake createSession
INFO: Detected dialect: W3C
[1575870792.402][SEVERE]: Unable to receive message from renderer
230876 [pool-1-thread-1] ERROR net.thucydides.core.steps.ConsoleLoggingListener - 
           __  _____ _____ ____ _____   _____ _    ___ _     _____ ____  
  _       / / |_   _| ____/ ___|_   _| |  ___/ \  |_ _| |   | ____|  _ \ 
 (_)_____| |    | | |  _| \___ \ | |   | |_ / _ \  | || |   |  _| | | | |
  _|_____| |    | | | |___ ___) || |   |  _/ ___ \ | || |___| |___| |_| |
 (_)     | |    |_| |_____|____/ |_|   |_|/_/   \_\___|_____|_____|____/ 
          \_\                                                            

TEST FAILED WITH ERROR: Customer can't login with incorrect User Email or non-Existed User Email
---------------------------------------------------------------------
230876 [pool-1-thread-1] ERROR net.thucydides.core.steps.ConsoleLoggingListener - TEST FAILED AT STEP Open login page
230877 [pool-1-thread-1] ERROR net.thucydides.core.steps.ConsoleLoggingListener - no such window: window was already closed
]]></system-err>
  </testcase>
  <testcase name="Customer can&apos;t login with incorrect User Email or non-Existed User Email" classname="Verify Login Features" time="17.191"/>
  <testcase name="Customer can&apos;t login with incorrect User Email or non-Existed User Email" classname="Verify Login Features" time="18.308"/>
</testsuite>