<?xml version="1.0" encoding="UTF-8"?><testsuite errors="3" failures="0" name="Verify HomePage" skipped="0" tests="3" time="1.72" timestamp="2019-12-10 01:03:07"><testcase name="Customer can navigate to Login Page successfully"><error type="java.lang.NullPointerException"/><system-err>null
pages.HomePage.navToHomePage(HomePage.java:22)
stepdefs.HomeStepDefs.iNavigateToHomePage(HomeStepDefs.java:17)
✽.I open Home Page(features/Home.feature:5)
</system-err></testcase><testcase name="Customer can navigate to Search Page successfully"><error type="java.lang.NullPointerException"/><system-err>null
pages.HomePage.navToHomePage(HomePage.java:22)
stepdefs.HomeStepDefs.iNavigateToHomePage(HomeStepDefs.java:17)
✽.I open Home Page(features/Home.feature:5)
</system-err></testcase><testcase name="Customer can navigate to User Page successfully"><error type="java.lang.NullPointerException"/><system-err>null
pages.HomePage.navToHomePage(HomePage.java:22)
stepdefs.HomeStepDefs.iNavigateToHomePage(HomeStepDefs.java:17)
✽.I open Home Page(features/Home.feature:5)
</system-err></testcase></testsuite>