<?xml version="1.0" encoding="UTF-8"?><testsuite errors="1" failures="0" name="Verify HomePage" skipped="0" tests="1" time="1.22" timestamp="2019-12-08 09:48:05"><testcase name="Customer can navigate to Homepage Successfully"><error type="java.lang.NullPointerException"/><system-err>null
pages.HomePage.navToHomePage(HomePage.java:19)
stepdefs.HomeStepDefs.iNavigateToHomePage(HomeStepDefs.java:14)
✽.I navigate to Home Page(src/test/resources/features/Home.feature:6)
</system-err></testcase></testsuite>