<?xml version="1.0" encoding="UTF-8"?><testsuite errors="1" failures="0" name="Verify Search Features" skipped="0" tests="1" time="0.07" timestamp="2019-12-09 02:52:59"><testcase name="Customer Can Search With Filter"><error message="The following error occurred: unknown error: unable to discover open pages&#10;Build info: version: '3.141.59', revision: 'e82be7d358', time: '2018-11-14T08:17:03'&#10;System info: host: 'Macs-MacBook-Air.local', ip: 'fe80:0:0:0:1d:e05e:9ff0:eb35%en0', os.name: 'Mac OS X', os.arch: 'x86_64', os.version: '10.14.6', java.version: '1.8.0_232'&#10;Driver info: driver.version: ChromeDriver&#10;remote stacktrace: 0   chromedriver                        0x0000000106448e99 chromedriver + 3747481&#10;1   chromedriver                        0x00000001063dd4d3 chromedriver + 3306707&#10;2   chromedriver                        0x000000010616cfef chromedriver + 749551&#10;3   chromedriver                        0x00000001060ceb88 chromedriver + 101256&#10;4   chromedriver                        0x00000001060caad1 chromedriver + 84689&#10;5   chromedriver                        0x00000001060f8f97 chromedriver + 274327&#10;6   chromedriver                        0x00000001060f6163 chromedriver + 262499&#10;7   chromedriver                        0x00000001060d0b0d chromedriver + 109325&#10;8   chromedriver                        0x00000001060d1aa5 chromedriver + 113317&#10;9   chromedriver                        0x000000010640bf7f chromedriver + 3497855&#10;10  chromedriver                        0x0000000106418b7d chromedriver + 3550077&#10;11  chromedriver                        0x0000000106418908 chromedriver + 3549448&#10;12  chromedriver                        0x00000001063eb029 chromedriver + 3362857&#10;13  chromedriver                        0x00000001064193d8 chromedriver + 3552216&#10;14  chromedriver                        0x00000001063ffa37 chromedriver + 3447351&#10;15  chromedriver                        0x000000010642ef94 chromedriver + 3641236&#10;16  chromedriver                        0x000000010644ec87 chromedriver + 3771527&#10;17  libsystem_pthread.dylib             0x00007fff7c6d82eb _pthread_body + 126&#10;18  libsystem_pthread.dylib             0x00007fff7c6db249 _pthread_start + 66&#10;19  libsystem_pthread.dylib             0x00007fff7c6d740d thread_start + 13&#10;" type="org.openqa.selenium.WebDriverException">The following error occurred: unknown error: unable to discover open pages
Build info: version: '3.141.59', revision: 'e82be7d358', time: '2018-11-14T08:17:03'
System info: host: 'Macs-MacBook-Air.local', ip: 'fe80:0:0:0:1d:e05e:9ff0:eb35%en0', os.name: 'Mac OS X', os.arch: 'x86_64', os.version: '10.14.6', java.version: '1.8.0_232'
Driver info: driver.version: ChromeDriver
remote stacktrace: 0   chromedriver                        0x0000000106448e99 chromedriver + 3747481
1   chromedriver                        0x00000001063dd4d3 chromedriver + 3306707
2   chromedriver                        0x000000010616cfef chromedriver + 749551
3   chromedriver                        0x00000001060ceb88 chromedriver + 101256
4   chromedriver                        0x00000001060caad1 chromedriver + 84689
5   chromedriver                        0x00000001060f8f97 chromedriver + 274327
6   chromedriver                        0x00000001060f6163 chromedriver + 262499
7   chromedriver                        0x00000001060d0b0d chromedriver + 109325
8   chromedriver                        0x00000001060d1aa5 chromedriver + 113317
9   chromedriver                        0x000000010640bf7f chromedriver + 3497855
10  chromedriver                        0x0000000106418b7d chromedriver + 3550077
11  chromedriver                        0x0000000106418908 chromedriver + 3549448
12  chromedriver                        0x00000001063eb029 chromedriver + 3362857
13  chromedriver                        0x00000001064193d8 chromedriver + 3552216
14  chromedriver                        0x00000001063ffa37 chromedriver + 3447351
15  chromedriver                        0x000000010642ef94 chromedriver + 3641236
16  chromedriver                        0x000000010644ec87 chromedriver + 3771527
17  libsystem_pthread.dylib             0x00007fff7c6d82eb _pthread_body + 126
18  libsystem_pthread.dylib             0x00007fff7c6db249 _pthread_start + 66
19  libsystem_pthread.dylib             0x00007fff7c6d740d thread_start + 13
</error><system-err>The following error occurred: unknown error: unable to discover open pages
Build info: version: '3.141.59', revision: 'e82be7d358', time: '2018-11-14T08:17:03'
System info: host: 'Macs-MacBook-Air.local', ip: 'fe80:0:0:0:1d:e05e:9ff0:eb35%en0', os.name: 'Mac OS X', os.arch: 'x86_64', os.version: '10.14.6', java.version: '1.8.0_232'
Driver info: driver.version: ChromeDriver
remote stacktrace: 0   chromedriver                        0x0000000106448e99 chromedriver + 3747481
1   chromedriver                        0x00000001063dd4d3 chromedriver + 3306707
2   chromedriver                        0x000000010616cfef chromedriver + 749551
3   chromedriver                        0x00000001060ceb88 chromedriver + 101256
4   chromedriver                        0x00000001060caad1 chromedriver + 84689
5   chromedriver                        0x00000001060f8f97 chromedriver + 274327
6   chromedriver                        0x00000001060f6163 chromedriver + 262499
7   chromedriver                        0x00000001060d0b0d chromedriver + 109325
8   chromedriver                        0x00000001060d1aa5 chromedriver + 113317
9   chromedriver                        0x000000010640bf7f chromedriver + 3497855
10  chromedriver                        0x0000000106418b7d chromedriver + 3550077
11  chromedriver                        0x0000000106418908 chromedriver + 3549448
12  chromedriver                        0x00000001063eb029 chromedriver + 3362857
13  chromedriver                        0x00000001064193d8 chromedriver + 3552216
14  chromedriver                        0x00000001063ffa37 chromedriver + 3447351
15  chromedriver                        0x000000010642ef94 chromedriver + 3641236
16  chromedriver                        0x000000010644ec87 chromedriver + 3771527
17  libsystem_pthread.dylib             0x00007fff7c6d82eb _pthread_body + 126
18  libsystem_pthread.dylib             0x00007fff7c6db249 _pthread_start + 66
19  libsystem_pthread.dylib             0x00007fff7c6d740d thread_start + 13

util.SetUp.initDriver(SetUp.java:22)
testrunner.browsers.chrome.ChromeInit.initChromeBrowser(ChromeInit.java:12)
cucumber.runner.UnskipableStep.executeStep(UnskipableStep.java:22)
cucumber.runner.Runner.runPickle(Runner.java:80)
</system-err></testcase></testsuite>