<?xml version="1.0" encoding="UTF-8"?><testsuite errors="0" failures="1" name="Verify HomePage" skipped="0" tests="3" time="190.72" timestamp="2019-12-09 10:28:46"><testcase name="Customer can navigate to Login Page successfully"/><testcase name="Customer can navigate to Search Page successfully"/><testcase name="Customer can navigate to User Page successfully"><failure message="Expected condition failed: waiting for UserDefaultPage.linkMyAccountPage to be present (tried for 5 second(s) with 100 milliseconds interval)&#10;Build info: version: '3.141.59', revision: 'e82be7d358', time: '2018-11-14T08:17:03'&#10;System info: host: 'Macs-MacBook-Air.local', ip: 'fe80:0:0:0:88b:c5e7:28bd:8ff4%en0', os.name: 'Mac OS X', os.arch: 'x86_64', os.version: '10.14.6', java.version: '1.8.0_232'&#10;Driver info: driver.version: unknown&#10;Build info: version: '3.141.59', revision: 'e82be7d358', time: '2018-11-14T08:17:03'&#10;System info: host: 'Macs-MacBook-Air.local', ip: 'fe80:0:0:0:88b:c5e7:28bd:8ff4%en0', os.name: 'Mac OS X', os.arch: 'x86_64', os.version: '10.14.6', java.version: '1.8.0_232'&#10;Driver info: driver.version: unknown" type="net.thucydides.core.webdriver.exceptions.ElementShouldBePresentException">Expected condition failed: waiting for UserDefaultPage.linkMyAccountPage to be present (tried for 5 second(s) with 100 milliseconds interval)
Build info: version: '3.141.59', revision: 'e82be7d358', time: '2018-11-14T08:17:03'
System info: host: 'Macs-MacBook-Air.local', ip: 'fe80:0:0:0:88b:c5e7:28bd:8ff4%en0', os.name: 'Mac OS X', os.arch: 'x86_64', os.version: '10.14.6', java.version: '1.8.0_232'
Driver info: driver.version: unknown
Build info: version: '3.141.59', revision: 'e82be7d358', time: '2018-11-14T08:17:03'
System info: host: 'Macs-MacBook-Air.local', ip: 'fe80:0:0:0:88b:c5e7:28bd:8ff4%en0', os.name: 'Mac OS X', os.arch: 'x86_64', os.version: '10.14.6', java.version: '1.8.0_232'
Driver info: driver.version: unknown</failure><system-err>Expected condition failed: waiting for UserDefaultPage.linkMyAccountPage to be present (tried for 5 second(s) with 100 milliseconds interval)
Build info: version: '3.141.59', revision: 'e82be7d358', time: '2018-11-14T08:17:03'
System info: host: 'Macs-MacBook-Air.local', ip: 'fe80:0:0:0:88b:c5e7:28bd:8ff4%en0', os.name: 'Mac OS X', os.arch: 'x86_64', os.version: '10.14.6', java.version: '1.8.0_232'
Driver info: driver.version: unknown
Build info: version: '3.141.59', revision: 'e82be7d358', time: '2018-11-14T08:17:03'
System info: host: 'Macs-MacBook-Air.local', ip: 'fe80:0:0:0:88b:c5e7:28bd:8ff4%en0', os.name: 'Mac OS X', os.arch: 'x86_64', os.version: '10.14.6', java.version: '1.8.0_232'
Driver info: driver.version: unknown
util.ElementUtils.waitElementPresent(ElementUtils.java:137)
pages.UserDefaultPage.verifyMyAccountPageLoaded(UserDefaultPage.java:18)
stepdefs.UserDefaultStepDefs.iVerifyUserDefaultPageLoad(UserDefaultStepDefs.java:12)
✽.I verify User Default Page loaded successfully(src/test/resources/features/Home.feature:26)
</system-err></testcase></testsuite>